# JRE version: OpenJDK Runtime Environment (21.0.10) (build 21.0.10+-14961533-b1163.108)
# Java VM: OpenJDK 64-Bit Server VM (21.0.10+-14961533-b1163.108, mixed mode, tiered, compressed oops, compressed class ptrs, g1 gc, windows-amd64)
GC Precious Log:
 CardTable entry size: 512
 Card Set container configuration: InlinePtr #cards 5 size 8 Array Of Cards #cards 12 size 40 Howl #buckets 4 coarsen threshold 1843 Howl Bitmap #cards 512 size 80 coarsen threshold 460 Card regions per heap region 1 cards per card region 2048
 CPUs: 16 total, 16 available
 Memory: 16151M
 Large Page Support: Disabled
 NUMA Support: Disabled
 Compressed Oops: Enabled (32-bit)
 Heap Region Size: 1M
 Heap Min Capacity: 8M
 Heap Initial Capacity: 254M
 Heap Max Capacity: 2G
 Pre-touch: Disabled
 Parallel Workers: 13
 Concurrent Workers: 3
 Concurrent Refinement Workers: 13
 Periodic GC: Disabled
Heap:
 garbage-first heap   total 316416K, used 278951K [0x0000000080000000, 0x0000000100000000)
  region size 1024K, 93 young (95232K), 9 survivors (9216K)
 Metaspace       used 167392K, committed 169792K, reserved 1245184K
  class space    used 22759K, committed 23936K, reserved 1048576K
GC Heap History (20 events):
Event: 24.823 GC heap before
{Heap before GC invocations=53 (full 0):
 garbage-first heap   total 273408K, used 240258K [0x0000000080000000, 0x0000000100000000)
  region size 1024K, 87 young (89088K), 11 survivors (11264K)
 Metaspace       used 129984K, committed 132224K, reserved 1179648K
  class space    used 18080K, committed 19200K, reserved 1048576K
}
Event: 24.828 GC heap after
{Heap after GC invocations=54 (full 0):
 garbage-first heap   total 273408K, used 165458K [0x0000000080000000, 0x0000000100000000)
  region size 1024K, 3 young (3072K), 3 survivors (3072K)
 Metaspace       used 129984K, committed 132224K, reserved 1179648K
  class space    used 18080K, committed 19200K, reserved 1048576K
}
Event: 25.330 GC heap before
{Heap before GC invocations=54 (full 0):
 garbage-first heap   total 273408K, used 250450K [0x0000000080000000, 0x0000000100000000)
  region size 1024K, 87 young (89088K), 3 survivors (3072K)
 Metaspace       used 141012K, committed 143360K, reserved 1179648K
  class space    used 19971K, committed 21120K, reserved 1048576K
}
Event: 25.335 GC heap after
{Heap after GC invocations=55 (full 0):
 garbage-first heap   total 273408K, used 167848K [0x0000000080000000, 0x0000000100000000)
  region size 1024K, 6 young (6144K), 6 survivors (6144K)
 Metaspace       used 141012K, committed 143360K, reserved 1179648K
  class space    used 19971K, committed 21120K, reserved 1048576K
}
Event: 25.993 GC heap before
{Heap before GC invocations=55 (full 0):
 garbage-first heap   total 273408K, used 252840K [0x0000000080000000, 0x0000000100000000)
  region size 1024K, 90 young (92160K), 6 survivors (6144K)
 Metaspace       used 144638K, committed 146944K, reserved 1179648K
  class space    used 20556K, committed 21696K, reserved 1048576K
}
Event: 25.998 GC heap after
{Heap after GC invocations=56 (full 0):
 garbage-first heap   total 273408K, used 166689K [0x0000000080000000, 0x0000000100000000)
  region size 1024K, 5 young (5120K), 5 survivors (5120K)
 Metaspace       used 144638K, committed 146944K, reserved 1179648K
  class space    used 20556K, committed 21696K, reserved 1048576K
}
Event: 26.908 GC heap before
{Heap before GC invocations=57 (full 0):
 garbage-first heap   total 280576K, used 278305K [0x0000000080000000, 0x0000000100000000)
  region size 1024K, 86 young (88064K), 5 survivors (5120K)
 Metaspace       used 149025K, committed 151360K, reserved 1179648K
  class space    used 21221K, committed 22336K, reserved 1048576K
}
Event: 26.915 GC heap after
{Heap after GC invocations=58 (full 0):
 garbage-first heap   total 291840K, used 170877K [0x0000000080000000, 0x0000000100000000)
  region size 1024K, 11 young (11264K), 11 survivors (11264K)
 Metaspace       used 149025K, committed 151360K, reserved 1179648K
  class space    used 21221K, committed 22336K, reserved 1048576K
}
Event: 1076.074 GC heap before
{Heap before GC invocations=58 (full 0):
 garbage-first heap   total 291840K, used 269181K [0x0000000080000000, 0x0000000100000000)
  region size 1024K, 108 young (110592K), 11 survivors (11264K)
 Metaspace       used 154230K, committed 156608K, reserved 1245184K
  class space    used 21660K, committed 22848K, reserved 1048576K
}
Event: 1076.080 GC heap after
{Heap after GC invocations=59 (full 0):
 garbage-first heap   total 291840K, used 169342K [0x0000000080000000, 0x0000000100000000)
  region size 1024K, 8 young (8192K), 8 survivors (8192K)
 Metaspace       used 154230K, committed 156608K, reserved 1245184K
  class space    used 21660K, committed 22848K, reserved 1048576K
}
Event: 1076.966 GC heap before
{Heap before GC invocations=59 (full 0):
 garbage-first heap   total 291840K, used 264574K [0x0000000080000000, 0x0000000100000000)
  region size 1024K, 103 young (105472K), 8 survivors (8192K)
 Metaspace       used 155020K, committed 157440K, reserved 1245184K
  class space    used 21693K, committed 22912K, reserved 1048576K
}
Event: 1076.974 GC heap after
{Heap after GC invocations=60 (full 0):
 garbage-first heap   total 291840K, used 179303K [0x0000000080000000, 0x0000000100000000)
  region size 1024K, 14 young (14336K), 14 survivors (14336K)
 Metaspace       used 155020K, committed 157440K, reserved 1245184K
  class space    used 21693K, committed 22912K, reserved 1048576K
}
Event: 1077.887 GC heap before
{Heap before GC invocations=61 (full 0):
 garbage-first heap   total 302080K, used 276583K [0x0000000080000000, 0x0000000100000000)
  region size 1024K, 102 young (104448K), 14 survivors (14336K)
 Metaspace       used 160514K, committed 162880K, reserved 1245184K
  class space    used 22232K, committed 23424K, reserved 1048576K
}
Event: 1077.895 GC heap after
{Heap after GC invocations=62 (full 0):
 garbage-first heap   total 302080K, used 182950K [0x0000000080000000, 0x0000000100000000)
  region size 1024K, 3 young (3072K), 3 survivors (3072K)
 Metaspace       used 160514K, committed 162880K, reserved 1245184K
  class space    used 22232K, committed 23424K, reserved 1048576K
}
Event: 1079.942 GC heap before
{Heap before GC invocations=62 (full 0):
 garbage-first heap   total 302080K, used 283302K [0x0000000080000000, 0x0000000100000000)
  region size 1024K, 100 young (102400K), 3 survivors (3072K)
 Metaspace       used 164746K, committed 167104K, reserved 1245184K
  class space    used 22577K, committed 23744K, reserved 1048576K
}
Event: 1079.946 GC heap after
{Heap after GC invocations=63 (full 0):
 garbage-first heap   total 302080K, used 185145K [0x0000000080000000, 0x0000000100000000)
  region size 1024K, 7 young (7168K), 7 survivors (7168K)
 Metaspace       used 164746K, committed 167104K, reserved 1245184K
  class space    used 22577K, committed 23744K, reserved 1048576K
}
Event: 1081.498 GC heap before
{Heap before GC invocations=63 (full 0):
 garbage-first heap   total 302080K, used 275257K [0x0000000080000000, 0x0000000100000000)
  region size 1024K, 97 young (99328K), 7 survivors (7168K)
 Metaspace       used 165812K, committed 168256K, reserved 1245184K
  class space    used 22675K, committed 23872K, reserved 1048576K
}
Event: 1081.503 GC heap after
{Heap after GC invocations=64 (full 0):
 garbage-first heap   total 302080K, used 187741K [0x0000000080000000, 0x0000000100000000)
  region size 1024K, 9 young (9216K), 9 survivors (9216K)
 Metaspace       used 165812K, committed 168256K, reserved 1245184K
  class space    used 22675K, committed 23872K, reserved 1048576K
}
Event: 1082.078 GC heap before
{Heap before GC invocations=65 (full 0):
 garbage-first heap   total 316416K, used 287069K [0x0000000080000000, 0x0000000100000000)
  region size 1024K, 104 young (106496K), 9 survivors (9216K)
 Metaspace       used 166184K, committed 168576K, reserved 1245184K
  class space    used 22699K, committed 23872K, reserved 1048576K
}
Event: 1082.084 GC heap after
{Heap after GC invocations=66 (full 0):
 garbage-first heap   total 316416K, used 194983K [0x0000000080000000, 0x0000000100000000)
  region size 1024K, 9 young (9216K), 9 survivors (9216K)
 Metaspace       used 166184K, committed 168576K, reserved 1245184K
  class space    used 22699K, committed 23872K, reserved 1048576K
}

