# JRE version: OpenJDK Runtime Environment (21.0.10) (build 21.0.10+-14961533-b1163.108)
# Java VM: OpenJDK 64-Bit Server VM (21.0.10+-14961533-b1163.108, mixed mode, tiered, compressed oops, compressed class ptrs, g1 gc, windows-amd64)
GC Precious Log:
 CardTable entry size: 512
 Card Set container configuration: InlinePtr #cards 4 size 8 Array Of Cards #cards 16 size 48 Howl #buckets 8 coarsen threshold 3686 Howl Bitmap #cards 512 size 80 coarsen threshold 460 Card regions per heap region 1 cards per card region 4096
 CPUs: 16 total, 16 available
 Memory: 16151M
 Large Page Support: Disabled
 NUMA Support: Disabled
 Compressed Oops: Enabled (Zero based)
 Heap Region Size: 2M
 Heap Min Capacity: 8M
 Heap Initial Capacity: 254M
 Heap Max Capacity: 4038M
 Pre-touch: Disabled
 Parallel Workers: 13
 Concurrent Workers: 3
 Concurrent Refinement Workers: 13
 Periodic GC: Disabled
Heap:
 garbage-first heap   total 75776K, used 33548K [0x0000000703a00000, 0x0000000800000000)
  region size 2048K, 3 young (6144K), 3 survivors (6144K)
 Metaspace       used 56262K, committed 57024K, reserved 1114112K
  class space    used 6885K, committed 7232K, reserved 1048576K
GC Heap History (20 events):
Event: 0.480 GC heap after
{Heap after GC invocations=1 (full 0):
 garbage-first heap   total 260096K, used 7324K [0x0000000703a00000, 0x0000000800000000)
  region size 2048K, 2 young (4096K), 2 survivors (4096K)
 Metaspace       used 14342K, committed 14528K, reserved 1114112K
  class space    used 1436K, committed 1536K, reserved 1048576K
}
Event: 0.808 GC heap before
{Heap before GC invocations=1 (full 0):
 garbage-first heap   total 260096K, used 25756K [0x0000000703a00000, 0x0000000800000000)
  region size 2048K, 13 young (26624K), 2 survivors (4096K)
 Metaspace       used 21352K, committed 21504K, reserved 1114112K
  class space    used 2245K, committed 2304K, reserved 1048576K
}
Event: 0.812 GC heap after
{Heap after GC invocations=2 (full 0):
 garbage-first heap   total 260096K, used 7972K [0x0000000703a00000, 0x0000000800000000)
  region size 2048K, 2 young (4096K), 2 survivors (4096K)
 Metaspace       used 21352K, committed 21504K, reserved 1114112K
  class space    used 2245K, committed 2304K, reserved 1048576K
}
Event: 1.083 GC heap before
{Heap before GC invocations=3 (full 0):
 garbage-first heap   total 28672K, used 28452K [0x0000000703a00000, 0x0000000800000000)
  region size 2048K, 12 young (24576K), 2 survivors (4096K)
 Metaspace       used 25118K, committed 25344K, reserved 1114112K
  class space    used 3008K, committed 3072K, reserved 1048576K
}
Event: 1.088 GC heap after
{Heap after GC invocations=4 (full 0):
 garbage-first heap   total 36864K, used 11508K [0x0000000703a00000, 0x0000000800000000)
  region size 2048K, 4 young (8192K), 4 survivors (8192K)
 Metaspace       used 25118K, committed 25344K, reserved 1114112K
  class space    used 3008K, committed 3072K, reserved 1048576K
}
Event: 1.169 GC heap before
{Heap before GC invocations=4 (full 0):
 garbage-first heap   total 36864K, used 25844K [0x0000000703a00000, 0x0000000800000000)
  region size 2048K, 10 young (20480K), 4 survivors (8192K)
 Metaspace       used 25714K, committed 25920K, reserved 1114112K
  class space    used 3088K, committed 3200K, reserved 1048576K
}
Event: 1.175 GC heap after
{Heap after GC invocations=5 (full 0):
 garbage-first heap   total 38912K, used 16302K [0x0000000703a00000, 0x0000000800000000)
  region size 2048K, 2 young (4096K), 2 survivors (4096K)
 Metaspace       used 25714K, committed 25920K, reserved 1114112K
  class space    used 3088K, committed 3200K, reserved 1048576K
}
Event: 1.333 GC heap before
{Heap before GC invocations=5 (full 0):
 garbage-first heap   total 38912K, used 28590K [0x0000000703a00000, 0x0000000800000000)
  region size 2048K, 8 young (16384K), 2 survivors (4096K)
 Metaspace       used 29783K, committed 29952K, reserved 1114112K
  class space    used 3749K, committed 3840K, reserved 1048576K
}
Event: 1.337 GC heap after
{Heap after GC invocations=6 (full 0):
 garbage-first heap   total 38912K, used 17782K [0x0000000703a00000, 0x0000000800000000)
  region size 2048K, 1 young (2048K), 1 survivors (2048K)
 Metaspace       used 29783K, committed 29952K, reserved 1114112K
  class space    used 3749K, committed 3840K, reserved 1048576K
}
Event: 1.487 GC heap before
{Heap before GC invocations=6 (full 0):
 garbage-first heap   total 38912K, used 28022K [0x0000000703a00000, 0x0000000800000000)
  region size 2048K, 7 young (14336K), 1 survivors (2048K)
 Metaspace       used 31631K, committed 31872K, reserved 1114112K
  class space    used 3936K, committed 4032K, reserved 1048576K
}
Event: 1.490 GC heap after
{Heap after GC invocations=7 (full 0):
 garbage-first heap   total 38912K, used 17037K [0x0000000703a00000, 0x0000000800000000)
  region size 2048K, 1 young (2048K), 1 survivors (2048K)
 Metaspace       used 31631K, committed 31872K, reserved 1114112K
  class space    used 3936K, committed 4032K, reserved 1048576K
}
Event: 1.631 GC heap before
{Heap before GC invocations=7 (full 0):
 garbage-first heap   total 38912K, used 27277K [0x0000000703a00000, 0x0000000800000000)
  region size 2048K, 7 young (14336K), 1 survivors (2048K)
 Metaspace       used 34104K, committed 34304K, reserved 1114112K
  class space    used 4198K, committed 4288K, reserved 1048576K
}
Event: 1.635 GC heap after
{Heap after GC invocations=8 (full 0):
 garbage-first heap   total 149504K, used 18828K [0x0000000703a00000, 0x0000000800000000)
  region size 2048K, 1 young (2048K), 1 survivors (2048K)
 Metaspace       used 34104K, committed 34304K, reserved 1114112K
  class space    used 4198K, committed 4288K, reserved 1048576K
}
Event: 1.709 GC heap before
{Heap before GC invocations=8 (full 0):
 garbage-first heap   total 149504K, used 22924K [0x0000000703a00000, 0x0000000800000000)
  region size 2048K, 5 young (10240K), 1 survivors (2048K)
 Metaspace       used 35793K, committed 35968K, reserved 1114112K
  class space    used 4326K, committed 4416K, reserved 1048576K
}
Event: 1.710 GC heap after
{Heap after GC invocations=9 (full 0):
 garbage-first heap   total 149504K, used 19194K [0x0000000703a00000, 0x0000000800000000)
  region size 2048K, 1 young (2048K), 1 survivors (2048K)
 Metaspace       used 35793K, committed 35968K, reserved 1114112K
  class space    used 4326K, committed 4416K, reserved 1048576K
}
Event: 2.386 GC heap before
{Heap before GC invocations=10 (full 0):
 garbage-first heap   total 69632K, used 68346K [0x0000000703a00000, 0x0000000800000000)
  region size 2048K, 25 young (51200K), 1 survivors (2048K)
 Metaspace       used 46479K, committed 47232K, reserved 1114112K
  class space    used 5682K, committed 6016K, reserved 1048576K
}
Event: 2.393 GC heap after
{Heap after GC invocations=11 (full 0):
 garbage-first heap   total 75776K, used 22720K [0x0000000703a00000, 0x0000000800000000)
  region size 2048K, 3 young (6144K), 3 survivors (6144K)
 Metaspace       used 46479K, committed 47232K, reserved 1114112K
  class space    used 5682K, committed 6016K, reserved 1048576K
}
Event: 2.770 GC heap before
{Heap before GC invocations=11 (full 0):
 garbage-first heap   total 75776K, used 63680K [0x0000000703a00000, 0x0000000800000000)
  region size 2048K, 22 young (45056K), 3 survivors (6144K)
 Metaspace       used 50838K, committed 51584K, reserved 1114112K
  class space    used 6202K, committed 6528K, reserved 1048576K
}
Event: 2.781 GC heap after
{Heap after GC invocations=12 (full 0):
 garbage-first heap   total 75776K, used 28621K [0x0000000703a00000, 0x0000000800000000)
  region size 2048K, 2 young (4096K), 2 survivors (4096K)
 Metaspace       used 50838K, committed 51584K, reserved 1114112K
  class space    used 6202K, committed 6528K, reserved 1048576K
}
Event: 3.220 GC heap before
{Heap before GC invocations=12 (full 0):
 garbage-first heap   total 75776K, used 63437K [0x0000000703a00000, 0x0000000800000000)
  region size 2048K, 19 young (38912K), 2 survivors (4096K)
 Metaspace       used 56262K, committed 57024K, reserved 1114112K
  class space    used 6885K, committed 7232K, reserved 1048576K
}

