# JRE version: OpenJDK Runtime Environment (21.0.10) (build 21.0.10+-14961533-b1163.108)
# Java VM: OpenJDK 64-Bit Server VM (21.0.10+-14961533-b1163.108, mixed mode, tiered, compressed oops, compressed class ptrs, g1 gc, windows-amd64)
GC Precious Log:
 CardTable entry size: 512
 Card Set container configuration: InlinePtr #cards 5 size 8 Array Of Cards #cards 12 size 40 Howl #buckets 4 coarsen threshold 1843 Howl Bitmap #cards 512 size 80 coarsen threshold 460 Card regions per heap region 1 cards per card region 2048
 CPUs: 16 total, 16 available
 Memory: 16151M
 Large Page Support: Disabled
 NUMA Support: Disabled
 Compressed Oops: Enabled (32-bit)
 Heap Region Size: 1M
 Heap Min Capacity: 8M
 Heap Initial Capacity: 254M
 Heap Max Capacity: 2G
 Pre-touch: Disabled
 Parallel Workers: 13
 Concurrent Workers: 3
 Concurrent Refinement Workers: 13
 Periodic GC: Disabled
Heap:
 garbage-first heap   total 331776K, used 245783K [0x0000000080000000, 0x0000000100000000)
  region size 1024K, 68 young (69632K), 9 survivors (9216K)
 Metaspace       used 170454K, committed 172864K, reserved 1245184K
  class space    used 23652K, committed 24832K, reserved 1048576K
GC Heap History (20 events):
Event: 58.824 GC heap before
{Heap before GC invocations=57 (full 0):
 garbage-first heap   total 281600K, used 258809K [0x0000000080000000, 0x0000000100000000)
  region size 1024K, 95 young (97280K), 5 survivors (5120K)
 Metaspace       used 138143K, committed 140416K, reserved 1179648K
  class space    used 18798K, committed 19904K, reserved 1048576K
}
Event: 58.836 GC heap after
{Heap after GC invocations=58 (full 0):
 garbage-first heap   total 281600K, used 177870K [0x0000000080000000, 0x0000000100000000)
  region size 1024K, 12 young (12288K), 12 survivors (12288K)
 Metaspace       used 138143K, committed 140416K, reserved 1179648K
  class space    used 18798K, committed 19904K, reserved 1048576K
}
Event: 59.077 GC heap before
{Heap before GC invocations=58 (full 0):
 garbage-first heap   total 281600K, used 256718K [0x0000000080000000, 0x0000000100000000)
  region size 1024K, 90 young (92160K), 12 survivors (12288K)
 Metaspace       used 138261K, committed 140544K, reserved 1179648K
  class space    used 18817K, committed 19968K, reserved 1048576K
}
Event: 59.085 GC heap after
{Heap after GC invocations=59 (full 0):
 garbage-first heap   total 281600K, used 183139K [0x0000000080000000, 0x0000000100000000)
  region size 1024K, 6 young (6144K), 6 survivors (6144K)
 Metaspace       used 138261K, committed 140544K, reserved 1179648K
  class space    used 18817K, committed 19968K, reserved 1048576K
}
Event: 59.406 GC heap before
{Heap before GC invocations=60 (full 0):
 garbage-first heap   total 307200K, used 258915K [0x0000000080000000, 0x0000000100000000)
  region size 1024K, 81 young (82944K), 6 survivors (6144K)
 Metaspace       used 138449K, committed 140672K, reserved 1179648K
  class space    used 18848K, committed 19968K, reserved 1048576K
}
Event: 59.412 GC heap after
{Heap after GC invocations=61 (full 0):
 garbage-first heap   total 307200K, used 186852K [0x0000000080000000, 0x0000000100000000)
  region size 1024K, 9 young (9216K), 9 survivors (9216K)
 Metaspace       used 138449K, committed 140672K, reserved 1179648K
  class space    used 18848K, committed 19968K, reserved 1048576K
}
Event: 60.009 GC heap before
{Heap before GC invocations=61 (full 0):
 garbage-first heap   total 307200K, used 283108K [0x0000000080000000, 0x0000000100000000)
  region size 1024K, 102 young (104448K), 9 survivors (9216K)
 Metaspace       used 141433K, committed 143744K, reserved 1179648K
  class space    used 19264K, committed 20416K, reserved 1048576K
}
Event: 60.018 GC heap after
{Heap after GC invocations=62 (full 0):
 garbage-first heap   total 310272K, used 180773K [0x0000000080000000, 0x0000000100000000)
  region size 1024K, 12 young (12288K), 12 survivors (12288K)
 Metaspace       used 141433K, committed 143744K, reserved 1179648K
  class space    used 19264K, committed 20416K, reserved 1048576K
}
Event: 60.723 GC heap before
{Heap before GC invocations=62 (full 0):
 garbage-first heap   total 310272K, used 282149K [0x0000000080000000, 0x0000000100000000)
  region size 1024K, 112 young (114688K), 12 survivors (12288K)
 Metaspace       used 154623K, committed 156992K, reserved 1245184K
  class space    used 21687K, committed 22848K, reserved 1048576K
}
Event: 60.731 GC heap after
{Heap after GC invocations=63 (full 0):
 garbage-first heap   total 310272K, used 185478K [0x0000000080000000, 0x0000000100000000)
  region size 1024K, 12 young (12288K), 12 survivors (12288K)
 Metaspace       used 154623K, committed 156992K, reserved 1245184K
  class space    used 21687K, committed 22848K, reserved 1048576K
}
Event: 61.234 GC heap before
{Heap before GC invocations=64 (full 0):
 garbage-first heap   total 311296K, used 285830K [0x0000000080000000, 0x0000000100000000)
  region size 1024K, 111 young (113664K), 12 survivors (12288K)
 Metaspace       used 160226K, committed 162624K, reserved 1245184K
  class space    used 22636K, committed 23808K, reserved 1048576K
}
Event: 61.239 GC heap after
{Heap after GC invocations=65 (full 0):
 garbage-first heap   total 311296K, used 183920K [0x0000000080000000, 0x0000000100000000)
  region size 1024K, 4 young (4096K), 4 survivors (4096K)
 Metaspace       used 160226K, committed 162624K, reserved 1245184K
  class space    used 22636K, committed 23808K, reserved 1048576K
}
Event: 61.694 GC heap before
{Heap before GC invocations=65 (full 0):
 garbage-first heap   total 311296K, used 291440K [0x0000000080000000, 0x0000000100000000)
  region size 1024K, 108 young (110592K), 4 survivors (4096K)
 Metaspace       used 166140K, committed 168576K, reserved 1245184K
  class space    used 23256K, committed 24448K, reserved 1048576K
}
Event: 61.701 GC heap after
{Heap after GC invocations=66 (full 0):
 garbage-first heap   total 311296K, used 186111K [0x0000000080000000, 0x0000000100000000)
  region size 1024K, 9 young (9216K), 9 survivors (9216K)
 Metaspace       used 166140K, committed 168576K, reserved 1245184K
  class space    used 23256K, committed 24448K, reserved 1048576K
}
Event: 62.168 GC heap before
{Heap before GC invocations=66 (full 0):
 garbage-first heap   total 311296K, used 289535K [0x0000000080000000, 0x0000000100000000)
  region size 1024K, 111 young (113664K), 9 survivors (9216K)
 Metaspace       used 167908K, committed 170368K, reserved 1245184K
  class space    used 23413K, committed 24640K, reserved 1048576K
}
Event: 62.175 GC heap after
{Heap after GC invocations=67 (full 0):
 garbage-first heap   total 311296K, used 188554K [0x0000000080000000, 0x0000000100000000)
  region size 1024K, 9 young (9216K), 9 survivors (9216K)
 Metaspace       used 167908K, committed 170368K, reserved 1245184K
  class space    used 23413K, committed 24640K, reserved 1048576K
}
Event: 62.810 GC heap before
{Heap before GC invocations=68 (full 0):
 garbage-first heap   total 316416K, used 314506K [0x0000000080000000, 0x0000000100000000)
  region size 1024K, 102 young (104448K), 9 survivors (9216K)
 Metaspace       used 169791K, committed 172224K, reserved 1245184K
  class space    used 23629K, committed 24832K, reserved 1048576K
}
Event: 62.817 GC heap after
{Heap after GC invocations=69 (full 0):
 garbage-first heap   total 331776K, used 193971K [0x0000000080000000, 0x0000000100000000)
  region size 1024K, 12 young (12288K), 12 survivors (12288K)
 Metaspace       used 169791K, committed 172224K, reserved 1245184K
  class space    used 23629K, committed 24832K, reserved 1048576K
}
Event: 1710.227 GC heap before
{Heap before GC invocations=69 (full 0):
 garbage-first heap   total 331776K, used 306611K [0x0000000080000000, 0x0000000100000000)
  region size 1024K, 123 young (125952K), 12 survivors (12288K)
 Metaspace       used 170309K, committed 172672K, reserved 1245184K
  class space    used 23652K, committed 24832K, reserved 1048576K
}
Event: 1710.235 GC heap after
{Heap after GC invocations=70 (full 0):
 garbage-first heap   total 331776K, used 187415K [0x0000000080000000, 0x0000000100000000)
  region size 1024K, 9 young (9216K), 9 survivors (9216K)
 Metaspace       used 170309K, committed 172672K, reserved 1245184K
  class space    used 23652K, committed 24832K, reserved 1048576K
}

