# JRE version: OpenJDK Runtime Environment (21.0.10) (build 21.0.10+-14961533-b1163.108)
# Java VM: OpenJDK 64-Bit Server VM (21.0.10+-14961533-b1163.108, mixed mode, tiered, compressed oops, compressed class ptrs, g1 gc, windows-amd64)
GC Precious Log:
 CardTable entry size: 512
 Card Set container configuration: InlinePtr #cards 5 size 8 Array Of Cards #cards 12 size 40 Howl #buckets 4 coarsen threshold 1843 Howl Bitmap #cards 512 size 80 coarsen threshold 460 Card regions per heap region 1 cards per card region 2048
 CPUs: 16 total, 16 available
 Memory: 16151M
 Large Page Support: Disabled
 NUMA Support: Disabled
 Compressed Oops: Enabled (32-bit)
 Heap Region Size: 1M
 Heap Min Capacity: 8M
 Heap Initial Capacity: 254M
 Heap Max Capacity: 2G
 Pre-touch: Disabled
 Parallel Workers: 13
 Concurrent Workers: 3
 Concurrent Refinement Workers: 13
 Periodic GC: Disabled
Heap:
 garbage-first heap   total 311296K, used 222342K [0x0000000080000000, 0x0000000100000000)
  region size 1024K, 56 young (57344K), 11 survivors (11264K)
 Metaspace       used 173373K, committed 175808K, reserved 1245184K
  class space    used 24220K, committed 25408K, reserved 1048576K
GC Heap History (20 events):
Event: 39.308 GC heap before
{Heap before GC invocations=58 (full 0):
 garbage-first heap   total 281600K, used 208560K [0x0000000080000000, 0x0000000100000000)
  region size 1024K, 74 young (75776K), 12 survivors (12288K)
 Metaspace       used 136170K, committed 138496K, reserved 1179648K
  class space    used 18750K, committed 19904K, reserved 1048576K
}
Event: 39.318 GC heap after
{Heap after GC invocations=59 (full 0):
 garbage-first heap   total 281600K, used 157442K [0x0000000080000000, 0x0000000100000000)
  region size 1024K, 15 young (15360K), 15 survivors (15360K)
 Metaspace       used 136170K, committed 138496K, reserved 1179648K
  class space    used 18750K, committed 19904K, reserved 1048576K
}
Event: 39.936 GC heap before
{Heap before GC invocations=60 (full 0):
 garbage-first heap   total 281600K, used 262914K [0x0000000080000000, 0x0000000100000000)
  region size 1024K, 113 young (115712K), 15 survivors (15360K)
 Metaspace       used 142836K, committed 145216K, reserved 1179648K
  class space    used 19650K, committed 20800K, reserved 1048576K
}
Event: 39.943 GC heap after
{Heap after GC invocations=61 (full 0):
 garbage-first heap   total 284672K, used 164177K [0x0000000080000000, 0x0000000100000000)
  region size 1024K, 8 young (8192K), 8 survivors (8192K)
 Metaspace       used 142836K, committed 145216K, reserved 1179648K
  class space    used 19650K, committed 20800K, reserved 1048576K
}
Event: 40.177 GC heap before
{Heap before GC invocations=61 (full 0):
 garbage-first heap   total 284672K, used 260433K [0x0000000080000000, 0x0000000100000000)
  region size 1024K, 103 young (105472K), 8 survivors (8192K)
 Metaspace       used 143040K, committed 145472K, reserved 1179648K
  class space    used 19692K, committed 20864K, reserved 1048576K
}
Event: 40.182 GC heap after
{Heap after GC invocations=62 (full 0):
 garbage-first heap   total 284672K, used 162275K [0x0000000080000000, 0x0000000100000000)
  region size 1024K, 8 young (8192K), 8 survivors (8192K)
 Metaspace       used 143040K, committed 145472K, reserved 1179648K
  class space    used 19692K, committed 20864K, reserved 1048576K
}
Event: 40.441 GC heap before
{Heap before GC invocations=62 (full 0):
 garbage-first heap   total 284672K, used 224739K [0x0000000080000000, 0x0000000100000000)
  region size 1024K, 71 young (72704K), 8 survivors (8192K)
 Metaspace       used 143393K, committed 145728K, reserved 1179648K
  class space    used 19732K, committed 20864K, reserved 1048576K
}
Event: 40.446 GC heap after
{Heap after GC invocations=63 (full 0):
 garbage-first heap   total 284672K, used 168060K [0x0000000080000000, 0x0000000100000000)
  region size 1024K, 14 young (14336K), 14 survivors (14336K)
 Metaspace       used 143393K, committed 145728K, reserved 1179648K
  class space    used 19732K, committed 20864K, reserved 1048576K
}
Event: 41.220 GC heap before
{Heap before GC invocations=64 (full 0):
 garbage-first heap   total 285696K, used 262268K [0x0000000080000000, 0x0000000100000000)
  region size 1024K, 105 young (107520K), 14 survivors (14336K)
 Metaspace       used 147908K, committed 150208K, reserved 1179648K
  class space    used 20445K, committed 21568K, reserved 1048576K
}
Event: 41.225 GC heap after
{Heap after GC invocations=65 (full 0):
 garbage-first heap   total 285696K, used 173777K [0x0000000080000000, 0x0000000100000000)
  region size 1024K, 5 young (5120K), 5 survivors (5120K)
 Metaspace       used 147908K, committed 150208K, reserved 1179648K
  class space    used 20445K, committed 21568K, reserved 1048576K
}
Event: 41.656 GC heap before
{Heap before GC invocations=65 (full 0):
 garbage-first heap   total 285696K, used 263889K [0x0000000080000000, 0x0000000100000000)
  region size 1024K, 94 young (96256K), 5 survivors (5120K)
 Metaspace       used 159034K, committed 161408K, reserved 1245184K
  class space    used 22411K, committed 23552K, reserved 1048576K
}
Event: 41.662 GC heap after
{Heap after GC invocations=66 (full 0):
 garbage-first heap   total 285696K, used 176565K [0x0000000080000000, 0x0000000100000000)
  region size 1024K, 9 young (9216K), 9 survivors (9216K)
 Metaspace       used 159034K, committed 161408K, reserved 1245184K
  class space    used 22411K, committed 23552K, reserved 1048576K
}
Event: 41.920 GC heap before
{Heap before GC invocations=66 (full 0):
 garbage-first heap   total 285696K, used 265653K [0x0000000080000000, 0x0000000100000000)
  region size 1024K, 97 young (99328K), 9 survivors (9216K)
 Metaspace       used 162834K, committed 165248K, reserved 1245184K
  class space    used 22958K, committed 24128K, reserved 1048576K
}
Event: 41.926 GC heap after
{Heap after GC invocations=67 (full 0):
 garbage-first heap   total 285696K, used 178190K [0x0000000080000000, 0x0000000100000000)
  region size 1024K, 7 young (7168K), 7 survivors (7168K)
 Metaspace       used 162834K, committed 165248K, reserved 1245184K
  class space    used 22958K, committed 24128K, reserved 1048576K
}
Event: 42.215 GC heap before
{Heap before GC invocations=68 (full 0):
 garbage-first heap   total 299008K, used 267278K [0x0000000080000000, 0x0000000100000000)
  region size 1024K, 95 young (97280K), 7 survivors (7168K)
 Metaspace       used 164148K, committed 166528K, reserved 1245184K
  class space    used 23233K, committed 24384K, reserved 1048576K
}
Event: 42.221 GC heap after
{Heap after GC invocations=69 (full 0):
 garbage-first heap   total 299008K, used 178852K [0x0000000080000000, 0x0000000100000000)
  region size 1024K, 8 young (8192K), 8 survivors (8192K)
 Metaspace       used 164148K, committed 166528K, reserved 1245184K
  class space    used 23233K, committed 24384K, reserved 1048576K
}
Event: 42.859 GC heap before
{Heap before GC invocations=69 (full 0):
 garbage-first heap   total 299008K, used 296612K [0x0000000080000000, 0x0000000100000000)
  region size 1024K, 95 young (97280K), 8 survivors (8192K)
 Metaspace       used 167339K, committed 169792K, reserved 1245184K
  class space    used 23684K, committed 24832K, reserved 1048576K
}
Event: 42.865 GC heap after
{Heap after GC invocations=70 (full 0):
 garbage-first heap   total 311296K, used 178693K [0x0000000080000000, 0x0000000100000000)
  region size 1024K, 9 young (9216K), 9 survivors (9216K)
 Metaspace       used 167339K, committed 169792K, reserved 1245184K
  class space    used 23684K, committed 24832K, reserved 1048576K
}
Event: 901.190 GC heap before
{Heap before GC invocations=70 (full 0):
 garbage-first heap   total 311296K, used 289285K [0x0000000080000000, 0x0000000100000000)
  region size 1024K, 118 young (120832K), 9 survivors (9216K)
 Metaspace       used 173155K, committed 175616K, reserved 1245184K
  class space    used 24223K, committed 25408K, reserved 1048576K
}
Event: 901.196 GC heap after
{Heap after GC invocations=71 (full 0):
 garbage-first heap   total 311296K, used 178310K [0x0000000080000000, 0x0000000100000000)
  region size 1024K, 11 young (11264K), 11 survivors (11264K)
 Metaspace       used 173155K, committed 175616K, reserved 1245184K
  class space    used 24223K, committed 25408K, reserved 1048576K
}

